                        CAL3QHC: LINE SOURCE DISPERSION MODEL - VERSION 2.0 Dated 95221                        PAGE  1

      JOB: Build                                                RUN: Build                                   

      DATE :  6/ 2/15
      TIME : 10:57: 0

         The MODE flag has been set to C for calculating CO averages.

       SITE & METEOROLOGICAL VARIABLES  
       -------------------------------
       VS =   0.0 CM/S       VD =   0.0 CM/S       Z0 = 321. CM
        U =  1.0 M/S         CLAS =   4  (D)     ATIM =  60. MINUTES     MIXH =  1000. M   AMB =  0.0 PPM

       LINK VARIABLES
       --------------
         LINK DESCRIPTION     *         LINK COORDINATES (FT)          *    LENGTH  BRG TYPE   VPH    EF      H   W    V/C QUEUE
                              *   X1        Y1        X2        Y2     *     (FT)  (DEG)            (G/MI)  (FT) (FT)       (VEH)
      ------------------------*----------------------------------------*----------------------------------------------------------
       1. Idle - SR 74 NB     * ********  ********  ********  ******** *     108.   179. AG     40. 100.0   0.0 48.0 0.62   5.5
       2. Decceleration - SR 7* ********  ********  ********  ******** *     201.     1. AG   2225.   2.9   0.0 68.0
       3. Free Flow - SR 74 NB* ********  ********  ********  ******** *     249.     1. AG   2225.   2.0   0.0 68.0
       4. Acceleration - SR 74* ********  ********  ********  ******** *     300.   359. AG   1980.   2.4   0.0 68.0
       5. Departure - SR 74 NB* ********  ********  ********  ******** *     253.   355. AG   2920.   2.0   0.0 68.0
       6. Idle - SR 74 SB     * ********  ********  ********  ******** *     183.   356. AG     40. 100.0   0.0 48.0 0.88   9.3
       7. Decceleration - SR 7* ********  ********  ********  ******** *     212.   171. AG   3520.   2.9   0.0 68.0
       8. Free Flow - SR 74 SB* ********  ********  ********  ******** *     253.   172. AG   3520.   2.0   0.0 68.0
       9. Acceleration - SR 74* ********  ********  ********  ******** *     289.   179. AG   2820.   2.4   0.0 68.0
      10. Departure - SR 74 SB* ********  ********  ********  ******** *     302.   180. AG   3035.   2.0   0.0 68.0
      11. Idle - Oakley Ind WB* ********  ********  ********  ******** *      10.    90. AG     20. 100.0   0.0 24.0 0.06   0.5
      12. Decceleration - Oakl* ********  ********  ********  ******** *     200.   270. AG    540.   2.9   0.0 44.0
      13. Free Flow - Oakley I* ********  ********  ********  ******** *     261.   268. AG    540.   2.0   0.0 32.0
      14. Acceleration - Oakle* ********  ********  ********  ******** *     305.   271. AG     90.   2.4   0.0 32.0
      15. Departure - Oakley I* ********  ********  ********  ******** *     252.   268. AG    440.   2.0   0.0 32.0
      16. Idle - Oakley Ind EB* ********  ********  ********  ******** *      24.   266. AG     10. 100.0   0.0 12.0 0.14   1.2
      17. Decceleration - Oakl* ********  ********  ********  ******** *     236.    88. AG    660.   2.9   0.0 32.0
      18. Free Flow - Oakley I* ********  ********  ********  ******** *     245.    75. AG    660.   2.0   0.0 32.0
      19. Acceleration - Oakle* ********  ********  ********  ******** *     302.    89. AG    110.   2.4   0.0 44.0
      20. Departure - Oakley I* ********  ********  ********  ******** *     259.    88. AG    500.   2.0   0.0 44.0
      21. Right Turn - Oakley * ********  ********  ********  ******** *     201.   273. AG    340.   2.9   0.0 32.0
      22. Right Turn - Oakley * ********  ********  ********  ******** *     377.   269. AG    340.   2.9   0.0 32.0
      23. Right Turn - Oakley * ********  ********  ********  ******** *      93.   313. AG    340.   2.9   0.0 32.0
      24. Right Turn - SR 74 S* ********  ********  ********  ******** *      79.   191. AG    280.   2.9   0.0 32.0
      25. Right Turn - SR 74 S* ********  ********  ********  ******** *      81.   250. AG    280.   2.9   0.0 32.0
      26. Right Turn - Oakley * ********  ********  ********  ******** *     120.   155. AG     70.   2.9   0.0 32.0
      27. Right Turn - SR 74 N* ********  ********  ********  ******** *     100.    12. AG    140.   2.9   0.0 32.0
      28. Right Turn - SR 74 N* ********  ********  ********  ******** *     132.   359. AG    140.   2.9   0.0 32.0
      29. Right Turn - SR 74 N* ********  ********  ********  ******** *      70.    54. AG    140.   2.9   0.0 32.0
      30. Left Turn - SR 74 SB* ********  ********  ********  ******** *      33.   355. AG     20. 100.0   0.0 24.0 0.19   1.7
      31. Left Turn - SR 74 SB* ********  ********  ********  ******** *      33.   336. AG     20. 100.0   0.0 24.0 0.19   1.7
      32. Left Turn - SR 74 NB* ********  ********  ********  ******** *      15.   175. AG     10. 100.0   0.0 12.0 0.09   0.8
      33. Left Turn - SR 74 NB* ********  ********  ********  ******** *      15.   171. AG     10. 100.0   0.0 12.0 0.09   0.8
      34. Turn Motion - Oakley* ********  ********  ********  ******** *     114.   248. AG    110.   3.3   0.0 32.0
      35. Turn Motion - SR 74 * ********  ********  ********  ******** *     128.   123. AG    300.   3.3   0.0 32.0
      36. Turn Motion - Oakley* ********  ********  ********  ******** *     136.    69. AG    480.   3.3   0.0 32.0
      37. Turn Motion - SR 74 * ********  ********  ********  ******** *      79.   323. AG     70.   3.3   0.0 32.0
      38. Left Turn - Oakley I* ********  ********  ********  ******** *     105.   270. AG     10. 100.0   0.0 12.0 0.60   5.3
      39. Left Turn - Oakley I* ********  ********  ********  ******** *     105.   259. AG     10. 100.0   0.0 12.0 0.60   5.3
      40. Free Flow - SR 74 NB* ********  ********  ********  ******** *     398.   179. AG   1980.   3.3   0.0 68.0
      41. Free Flow - SR 74 SB* ********  ********  ********  ******** *     384.   356. AG   2820.   3.3   0.0 68.0
      42. Free Flow - Oakley I* ********  ********  ********  ******** *     408.    89. AG     90.   3.3   0.0 44.0
      43. Free Flow - Oakley I* ********  ********  ********  ******** *     357.   269. AG    110.   3.3   0.0 32.0
      44. Free Flow - SR 74 SB* ********  ********  ********  ******** *     345.   356. AG    300.   3.3   0.0 44.0
                                                                                                                PAGE  2
      JOB: Build                                                RUN: Build                                   

      DATE :  6/ 2/15
      TIME : 10:57: 0

       LINK VARIABLES
       --------------
         LINK DESCRIPTION     *         LINK COORDINATES (FT)          *    LENGTH  BRG TYPE   VPH    EF      H   W    V/C QUEUE
                              *   X1        Y1        X2        Y2     *     (FT)  (DEG)            (G/MI)  (FT) (FT)       (VEH)
      ------------------------*----------------------------------------*----------------------------------------------------------
      45. Free Flow - SR 74 SB* ********  ********  ********  ******** *     131.   337. AG    300.   3.3   0.0 44.0
      46. Free Flow - SR 74 NB* ********  ********  ********  ******** *     197.   174. AG     70.   3.3   0.0 32.0
      47. Free Flow - SR 74 NB* ********  ********  ********  ******** *     211.   171. AG     70.   3.3   0.0 32.0
      48. Free Flow - Oakley I* ********  ********  ********  ******** *     223.   268. AG    480.   3.3   0.0 32.0
      49. Free Flow - Oakley I* ********  ********  ********  ******** *     127.   259. AG    480.   3.3   0.0 32.0
                                                                                                                PAGE  3
      JOB: Build                                                RUN: Build                                   

      DATE :  6/ 2/15
      TIME : 10:57: 0

       ADDITIONAL QUEUE LINK PARAMETERS
       --------------------------------
         LINK DESCRIPTION     *    CYCLE    RED     CLEARANCE  APPROACH  SATURATION   IDLE   SIGNAL   ARRIVAL
                              *    LENGTH   TIME    LOST TIME    VOL     FLOW RATE   EM FAC   TYPE     RATE
                              *     (SEC)   (SEC)    (SEC)      (VPH)      (VPH)    (gm/hr)
      ------------------------*--------------------------------------------------------------------------------
       1. Idle - SR 74 NB     *      90       40       3.0      1980       1600       8.30      1        3
       6. Idle - SR 74 SB     *      90       40       3.0      2820       1600       8.30      1        3
      11. Idle - Oakley Ind WB*      90       40       3.0        90       1600       8.30      1        3
      16. Idle - Oakley Ind EB*      90       40       3.0       110       1600       8.30      1        3
      30. Left Turn - SR 74 SB*      90       40       3.0       300       1600       8.30      1        3
      31. Left Turn - SR 74 SB*      90       40       3.0       300       1600       8.30      1        3
      32. Left Turn - SR 74 NB*      90       40       3.0        70       1600       8.30      1        3
      33. Left Turn - SR 74 NB*      90       40       3.0        70       1600       8.30      1        3
      38. Left Turn - Oakley I*      90       40       3.0       480       1600       8.30      1        3
      39. Left Turn - Oakley I*      90       40       3.0       480       1600       8.30      1        3

       RECEPTOR LOCATIONS
       ------------------
                              *           COORDINATES (FT)          *
         RECEPTOR             *      X          Y          Z        *
     -------------------------*-------------------------------------*
      1. Receptor  1          *    ********   ********        6.0   *
      2. Receptor  2          *    ********   ********        6.0   *
      3. Receptor  3          *    ********   ********        6.0   *
      4. Receptor  4          *    ********   ********        6.0   *
      5. Receptor  5          *    ********   ********        6.0   *
      6. Receptor  6          *    ********   ********        6.0   *
      7. Receptor  7          *    ********   ********        6.0   *
      8. Receptor  8          *    ********   ********        6.0   *
      9. Receptor  9          *    ********   ********        6.0   *
     10. Receptor  10         *    ********   ********        6.0   *
     11. Receptor  11         *    ********   ********        6.0   *
     12. Receptor  12         *    ********   ********        6.0   *
     13. Receptor  13         *    ********   ********        6.0   *
     14. Receptor  14         *    ********   ********        6.0   *
     15. Receptor  15         *    ********   ********        6.0   *
     16. Receptor  16         *    ********   ********        6.0   *
                                                                                                                PAGE  4
      JOB: Build                                                RUN: Build                                   

       MODEL RESULTS
       -------------

       REMARKS : In search of the angle corresponding to
                 the maximum concentration, only the first
                 angle, of the angles with same maximum
                 concentrations, is indicated as maximum.

 WIND ANGLE RANGE:   0.-350.

 WIND  * CONCENTRATION 
 ANGLE *      (PPM)
 (DEGR)* REC1  REC2  REC3  REC4  REC5  REC6  REC7  REC8  REC9  REC10 REC11 REC12 REC13 REC14 REC15 REC16
 ------*------------------------------------------------------------------------------------------------
   0.  *   0.0   0.0   0.0   0.0   0.0   0.0   0.0   0.1   0.0   0.1   0.0   0.0   0.0   0.0   0.2   0.2
  10.  *   0.0   0.0   0.0   0.0   0.0   0.0   0.0   0.0   0.1   0.2   0.0   0.0   0.0   0.0   0.3   0.2
  20.  *   0.0   0.0   0.0   0.0   0.0   0.0   0.0   0.0   0.2   0.2   0.1   0.0   0.0   0.0   0.2   0.2
  30.  *   0.0   0.0   0.0   0.0   0.0   0.0   0.0   0.0   0.2   0.1   0.1   0.0   0.0   0.1   0.3   0.2
  40.  *   0.0   0.0   0.0   0.0   0.0   0.0   0.0   0.0   0.2   0.1   0.1   0.0   0.0   0.1   0.3   0.2
  50.  *   0.0   0.0   0.0   0.0   0.0   0.0   0.0   0.0   0.2   0.1   0.1   0.0   0.0   0.1   0.3   0.2
  60.  *   0.0   0.0   0.0   0.0   0.0   0.0   0.0   0.0   0.2   0.2   0.1   0.0   0.0   0.1   0.3   0.2
  70.  *   0.0   0.0   0.0   0.0   0.0   0.0   0.0   0.0   0.2   0.2   0.1   0.0   0.0   0.1   0.3   0.2
  80.  *   0.0   0.0   0.0   0.0   0.0   0.0   0.0   0.0   0.2   0.2   0.1   0.0   0.0   0.1   0.3   0.2
  90.  *   0.0   0.0   0.0   0.0   0.0   0.0   0.0   0.0   0.2   0.2   0.1   0.0   0.0   0.0   0.4   0.3
 100.  *   0.0   0.0   0.0   0.0   0.0   0.0   0.0   0.0   0.2   0.2   0.1   0.0   0.0   0.0   0.4   0.3
 110.  *   0.0   0.0   0.0   0.0   0.0   0.0   0.0   0.0   0.1   0.2   0.1   0.0   0.0   0.1   0.4   0.2
 120.  *   0.0   0.0   0.0   0.0   0.0   0.0   0.0   0.0   0.2   0.2   0.2   0.0   0.0   0.1   0.4   0.3
 130.  *   0.0   0.0   0.0   0.0   0.0   0.0   0.0   0.0   0.2   0.2   0.2   0.0   0.0   0.1   0.4   0.3
 140.  *   0.0   0.0   0.0   0.0   0.0   0.0   0.0   0.0   0.2   0.3   0.0   0.0   0.0   0.0   0.4   0.2
 150.  *   0.0   0.0   0.0   0.0   0.0   0.0   0.0   0.0   0.1   0.2   0.0   0.0   0.0   0.0   0.3   0.2
 160.  *   0.0   0.0   0.0   0.0   0.0   0.0   0.0   0.0   0.1   0.1   0.0   0.0   0.0   0.0   0.3   0.2
 170.  *   0.0   0.0   0.0   0.0   0.0   0.0   0.0   0.0   0.0   0.1   0.0   0.0   0.0   0.0   0.2   0.1
 180.  *   0.0   0.0   0.0   0.0   0.0   0.0   0.1   0.0   0.0   0.0   0.0   0.0   0.0   0.0   0.0   0.0
 190.  *   0.1   0.1   0.0   0.0   0.0   0.0   0.1   0.0   0.0   0.0   0.0   0.0   0.0   0.0   0.0   0.0
 200.  *   0.2   0.3   0.0   0.0   0.0   0.0   0.2   0.1   0.0   0.0   0.0   0.0   0.0   0.0   0.0   0.0
 210.  *   0.2   0.2   0.1   0.0   0.0   0.1   0.3   0.1   0.0   0.0   0.0   0.0   0.0   0.0   0.0   0.0
 220.  *   0.2   0.2   0.1   0.0   0.0   0.1   0.3   0.1   0.0   0.0   0.0   0.0   0.0   0.0   0.0   0.0
 230.  *   0.2   0.2   0.0   0.0   0.0   0.1   0.2   0.1   0.0   0.0   0.0   0.0   0.0   0.0   0.0   0.0
 240.  *   0.2   0.2   0.0   0.0   0.0   0.1   0.1   0.1   0.0   0.0   0.0   0.0   0.0   0.0   0.0   0.0
 250.  *   0.2   0.2   0.0   0.0   0.0   0.1   0.2   0.1   0.0   0.0   0.0   0.0   0.0   0.0   0.0   0.0
 260.  *   0.2   0.2   0.0   0.0   0.0   0.2   0.2   0.1   0.0   0.0   0.0   0.0   0.0   0.0   0.0   0.0
 270.  *   0.2   0.2   0.0   0.0   0.0   0.1   0.2   0.2   0.0   0.0   0.0   0.0   0.0   0.0   0.0   0.0
 280.  *   0.3   0.2   0.1   0.0   0.0   0.0   0.2   0.2   0.0   0.0   0.0   0.0   0.0   0.0   0.0   0.0
 290.  *   0.2   0.2   0.1   0.0   0.0   0.0   0.3   0.2   0.0   0.0   0.0   0.0   0.0   0.0   0.0   0.0
 300.  *   0.2   0.2   0.1   0.0   0.0   0.0   0.3   0.2   0.0   0.0   0.0   0.0   0.0   0.0   0.0   0.0
 310.  *   0.2   0.2   0.1   0.0   0.0   0.1   0.3   0.3   0.0   0.0   0.0   0.0   0.0   0.0   0.0   0.0
 320.  *   0.2   0.3   0.0   0.0   0.0   0.1   0.3   0.2   0.0   0.0   0.0   0.0   0.0   0.0   0.0   0.0
 330.  *   0.0   0.2   0.0   0.0   0.0   0.1   0.3   0.1   0.0   0.0   0.0   0.0   0.0   0.0   0.0   0.0
 340.  *   0.0   0.1   0.0   0.0   0.0   0.0   0.3   0.1   0.0   0.0   0.0   0.0   0.0   0.0   0.0   0.0
 350.  *   0.0   0.1   0.0   0.0   0.0   0.0   0.2   0.1   0.0   0.0   0.0   0.0   0.0   0.0   0.0   0.0
 ------*------------------------------------------------------------------------------------------------
 MAX   *   0.3   0.3   0.1   0.0   0.0   0.2   0.3   0.3   0.2   0.3   0.2   0.0   0.0   0.1   0.4   0.3
 DEGR. *  280   200   210     0     0   260   210   310    20   140   120     0     0    30    90    90

 THE HIGHEST CONCENTRATION OF    0.40 PPM OCCURRED AT RECEPTOR REC15.
