                        CAL3QHC: LINE SOURCE DISPERSION MODEL - VERSION 2.0 Dated 95221                        PAGE  1

      JOB: Existing                                             RUN: Existing                                

      DATE :  6/ 2/15
      TIME : 10:56:42

         The MODE flag has been set to C for calculating CO averages.

       SITE & METEOROLOGICAL VARIABLES  
       -------------------------------
       VS =   0.0 CM/S       VD =   0.0 CM/S       Z0 = 321. CM
        U =  1.0 M/S         CLAS =   4  (D)     ATIM =  60. MINUTES     MIXH =  1000. M   AMB =  0.0 PPM

       LINK VARIABLES
       --------------
         LINK DESCRIPTION     *         LINK COORDINATES (FT)          *    LENGTH  BRG TYPE   VPH    EF      H   W    V/C QUEUE
                              *   X1        Y1        X2        Y2     *     (FT)  (DEG)            (G/MI)  (FT) (FT)       (VEH)
      ------------------------*----------------------------------------*----------------------------------------------------------
       1. Free Flow - SR 74 NB* ********  ********  ********  ******** *     398.   359. AG   1100.   6.8   0.0 44.0
       2. Decceleration - SR 7* ********  ********  ********  ******** *     201.     1. AG   1219.   6.0   0.0 44.0
       3. Free Flow - SR 74 NB* ********  ********  ********  ******** *     249.     1. AG   1219.   3.9   0.0 44.0
       4. Acceleration - SR 74* ********  ********  ********  ******** *     300.   359. AG   1100.   4.8   0.0 44.0
       5. Departure - SR 74 NB* ********  ********  ********  ******** *     253.   355. AG   1519.   3.9   0.0 44.0
       6. Idle - SR 74 SB     * ********  ********  ********  ******** *     257.   358. AG     80. 100.0   0.0 24.0 0.96  13.0
       7. Decceleration - SR 7* ********  ********  ********  ******** *     201.   171. AG   1893.   6.0   0.0 44.0
       8. Free Flow - SR 74 SB* ********  ********  ********  ******** *     254.   169. AG   1893.   3.9   0.0 44.0
       9. Acceleration - SR 74* ********  ********  ********  ******** *     289.   179. AG   1541.   4.8   0.0 44.0
      10. Departure - SR 74 SB* ********  ********  ********  ******** *     302.   180. AG   1711.   3.9   0.0 44.0
      11. Idle - Oakley Ind WB* ********  ********  ********  ******** *       8.    82. AG     40. 100.0   0.0 12.0 0.04   0.4
      12. Decceleration - Oakl* ********  ********  ********  ******** *     200.   270. AG    387.   6.0   0.0 32.0
      13. Free Flow - Oakley I* ********  ********  ********  ******** *     261.   268. AG    387.   3.9   0.0 32.0
      14. Acceleration - Oakle* ********  ********  ********  ******** *     305.   271. AG     35.   4.8   0.0 32.0
      15. Departure - Oakley I* ********  ********  ********  ******** *     252.   268. AG    159.   3.9   0.0 32.0
      16. Idle - Oakley Ind EB* ********  ********  ********  ******** *       8.   270. AG     40. 100.0   0.0 12.0 0.05   0.4
      17. Decceleration - Oakl* ********  ********  ********  ******** *     207.    82. AG    170.   6.0   0.0 32.0
      18. Free Flow - Oakley I* ********  ********  ********  ******** *     245.    75. AG    170.   3.9   0.0 32.0
      19. Acceleration - Oakle* ********  ********  ********  ******** *     291.    91. AG     38.   4.8   0.0 32.0
      20. Departure - Oakley I* ********  ********  ********  ******** *     256.    88. AG    280.   3.9   0.0 32.0
      21. Right Turn - Oakley * ********  ********  ********  ******** *     201.   276. AG    221.   6.0   0.0 32.0
      22. Right Turn - Oakley * ********  ********  ********  ******** *     378.   269. AG    221.   6.0   0.0 32.0
      23. Right Turn - Oakley * ********  ********  ********  ******** *      87.   309. AG    221.   6.0   0.0 32.0
      24. Right Turn - SR 74 S* ********  ********  ********  ******** *      79.   191. AG     97.   6.0   0.0 32.0
      25. Right Turn - SR 74 S* ********  ********  ********  ******** *      81.   250. AG     97.   6.0   0.0 32.0
      26. Right Turn - Oakley * ********  ********  ********  ******** *      77.   154. AG     14.   6.0   0.0 32.0
      27. Right Turn - SR 74 N* ********  ********  ********  ******** *     100.    12. AG     67.   6.0   0.0 32.0
      28. Right Turn - SR 74 N* ********  ********  ********  ******** *     132.   359. AG     67.   6.0   0.0 32.0
      29. Right Turn - SR 74 N* ********  ********  ********  ******** *      81.    47. AG     67.   6.0   0.0 32.0
      30. Left Turn - SR 74 SB* ********  ********  ********  ******** *      38.   351. AG     40. 100.0   0.0 12.0 0.22   1.9
      31. Left Turn - SR 74 NB* ********  ********  ********  ******** *       6.   172. AG     40. 100.0   0.0 12.0 0.03   0.3
      32. Turn Motion - Oakley* ********  ********  ********  ******** *     114.   248. AG     80.   6.8   0.0 32.0
      33. Turn Motion - SR 74 * ********  ********  ********  ******** *      83.   131. AG    175.   6.8   0.0 32.0
      34. Turn Motion - Oakley* ********  ********  ********  ******** *     114.    65. AG    118.   6.8   0.0 32.0
      35. Turn Motion - SR 74 * ********  ********  ********  ******** *      79.   323. AG     27.   6.8   0.0 32.0
      36. Idle - SR 74 NB     * ********  ********  ********  ******** *     120.   179. AG     80. 100.0   0.0 24.0 0.69   6.1
      37. Free Flow - SR 74 SB* ********  ********  ********  ******** *     394.   178. AG   1541.   6.8   0.0 44.0
      38. Free Flow - SR 74 SB* ********  ********  ********  ******** *     399.   171. AG    175.   6.8   0.0 32.0
      39. Free Flow - Oakley I* ********  ********  ********  ******** *     408.   269. AG     35.   6.8   0.0 32.0
      40. Free Flow - Oakley I* ********  ********  ********  ******** *     403.    89. AG     38.   6.8   0.0 32.0
      41. Free Flow - SR 74 NB* ********  ********  ********  ******** *     407.   353. AG     27.   6.8   0.0 32.0
                                                                                                                PAGE  2
      JOB: Existing                                             RUN: Existing                                

      DATE :  6/ 2/15
      TIME : 10:56:42

       ADDITIONAL QUEUE LINK PARAMETERS
       --------------------------------
         LINK DESCRIPTION     *    CYCLE    RED     CLEARANCE  APPROACH  SATURATION   IDLE   SIGNAL   ARRIVAL
                              *    LENGTH   TIME    LOST TIME    VOL     FLOW RATE   EM FAC   TYPE     RATE
                              *     (SEC)   (SEC)    (SEC)      (VPH)      (VPH)    (gm/hr)
      ------------------------*--------------------------------------------------------------------------------
       6. Idle - SR 74 SB     *      90       40       3.0      1541       1600      33.60      1        3
      11. Idle - Oakley Ind WB*      90       40       3.0        35       1600      33.60      1        3
      16. Idle - Oakley Ind EB*      90       40       3.0        38       1600      33.60      1        3
      30. Left Turn - SR 74 SB*      90       40       3.0       175       1600      33.60      1        3
      31. Left Turn - SR 74 NB*      90       40       3.0        27       1600      33.60      1        3
      36. Idle - SR 74 NB     *      90       40       3.0      1100       1600      33.60      1        3

       RECEPTOR LOCATIONS
       ------------------
                              *           COORDINATES (FT)          *
         RECEPTOR             *      X          Y          Z        *
     -------------------------*-------------------------------------*
      1. Receptor  1          *    ********   ********        6.0   *
      2. Receptor  2          *    ********   ********        6.0   *
      3. Receptor  3          *    ********   ********        6.0   *
      4. Receptor  4          *    ********   ********        6.0   *
      5. Receptor  5          *    ********   ********        6.0   *
      6. Receptor  6          *    ********   ********        6.0   *
      7. Receptor  7          *    ********   ********        6.0   *
      8. Receptor  8          *    ********   ********        6.0   *
      9. Receptor  9          *    ********   ********        6.0   *
     10. Receptor  10         *    ********   ********        6.0   *
     11. Receptor  11         *    ********   ********        6.0   *
     12. Receptor  12         *    ********   ********        6.0   *
     13. Receptor  13         *    ********   ********        6.0   *
     14. Receptor  14         *    ********   ********        6.0   *
     15. Receptor  15         *    ********   ********        6.0   *
     16. Receptor  16         *    ********   ********        6.0   *
                                                                                                                PAGE  3
      JOB: Existing                                             RUN: Existing                                

       MODEL RESULTS
       -------------

       REMARKS : In search of the angle corresponding to
                 the maximum concentration, only the first
                 angle, of the angles with same maximum
                 concentrations, is indicated as maximum.

 WIND ANGLE RANGE:   0.-350.

 WIND  * CONCENTRATION 
 ANGLE *      (PPM)
 (DEGR)* REC1  REC2  REC3  REC4  REC5  REC6  REC7  REC8  REC9  REC10 REC11 REC12 REC13 REC14 REC15 REC16
 ------*------------------------------------------------------------------------------------------------
   0.  *   0.0   0.0   0.0   0.0   0.0   0.0   0.0   0.0   0.0   0.1   0.0   0.0   0.0   0.0   0.2   0.1
  10.  *   0.0   0.0   0.0   0.0   0.0   0.0   0.0   0.0   0.1   0.2   0.0   0.0   0.0   0.0   0.2   0.2
  20.  *   0.0   0.0   0.0   0.0   0.0   0.0   0.0   0.0   0.2   0.2   0.1   0.0   0.0   0.0   0.2   0.1
  30.  *   0.0   0.0   0.0   0.0   0.0   0.0   0.0   0.0   0.3   0.2   0.1   0.0   0.0   0.1   0.4   0.2
  40.  *   0.0   0.0   0.0   0.0   0.0   0.0   0.0   0.0   0.2   0.1   0.2   0.0   0.0   0.1   0.4   0.2
  50.  *   0.0   0.0   0.0   0.0   0.0   0.0   0.0   0.0   0.2   0.1   0.1   0.0   0.0   0.1   0.4   0.2
  60.  *   0.0   0.0   0.0   0.0   0.0   0.0   0.0   0.0   0.2   0.2   0.1   0.0   0.0   0.2   0.4   0.2
  70.  *   0.0   0.0   0.0   0.0   0.0   0.0   0.0   0.0   0.2   0.3   0.1   0.0   0.0   0.2   0.3   0.1
  80.  *   0.0   0.0   0.0   0.0   0.0   0.0   0.0   0.0   0.2   0.3   0.1   0.0   0.0   0.1   0.3   0.2
  90.  *   0.0   0.0   0.0   0.0   0.0   0.0   0.0   0.0   0.2   0.2   0.1   0.0   0.0   0.0   0.4   0.3
 100.  *   0.0   0.0   0.0   0.0   0.0   0.0   0.0   0.0   0.2   0.2   0.1   0.0   0.0   0.0   0.4   0.2
 110.  *   0.0   0.0   0.0   0.0   0.0   0.0   0.0   0.0   0.1   0.2   0.2   0.0   0.0   0.1   0.4   0.2
 120.  *   0.0   0.0   0.0   0.0   0.0   0.0   0.0   0.0   0.2   0.2   0.2   0.0   0.0   0.1   0.4   0.3
 130.  *   0.0   0.0   0.0   0.0   0.0   0.0   0.0   0.0   0.2   0.2   0.2   0.0   0.0   0.1   0.4   0.2
 140.  *   0.0   0.0   0.0   0.0   0.0   0.0   0.0   0.0   0.2   0.3   0.0   0.0   0.0   0.0   0.4   0.2
 150.  *   0.0   0.0   0.0   0.0   0.0   0.0   0.0   0.0   0.1   0.2   0.0   0.0   0.0   0.0   0.3   0.3
 160.  *   0.0   0.0   0.0   0.0   0.0   0.0   0.0   0.0   0.0   0.1   0.0   0.0   0.0   0.0   0.4   0.2
 170.  *   0.0   0.0   0.0   0.0   0.0   0.0   0.0   0.0   0.0   0.1   0.0   0.0   0.0   0.0   0.2   0.1
 180.  *   0.0   0.1   0.0   0.0   0.0   0.0   0.0   0.0   0.0   0.0   0.0   0.0   0.0   0.0   0.0   0.0
 190.  *   0.1   0.1   0.0   0.0   0.0   0.0   0.1   0.0   0.0   0.0   0.0   0.0   0.0   0.0   0.0   0.0
 200.  *   0.2   0.3   0.0   0.0   0.0   0.0   0.1   0.0   0.0   0.0   0.0   0.0   0.0   0.0   0.0   0.0
 210.  *   0.3   0.2   0.1   0.0   0.0   0.1   0.3   0.1   0.0   0.0   0.0   0.0   0.0   0.0   0.0   0.0
 220.  *   0.3   0.2   0.1   0.0   0.0   0.1   0.3   0.1   0.0   0.0   0.0   0.0   0.0   0.0   0.0   0.0
 230.  *   0.2   0.2   0.0   0.0   0.0   0.1   0.2   0.1   0.0   0.0   0.0   0.0   0.0   0.0   0.0   0.0
 240.  *   0.2   0.2   0.0   0.0   0.0   0.1   0.1   0.1   0.0   0.0   0.0   0.0   0.0   0.0   0.0   0.0
 250.  *   0.2   0.3   0.0   0.0   0.0   0.1   0.2   0.1   0.0   0.0   0.0   0.0   0.0   0.0   0.0   0.0
 260.  *   0.2   0.3   0.0   0.0   0.0   0.2   0.2   0.1   0.0   0.0   0.0   0.0   0.0   0.0   0.0   0.0
 270.  *   0.2   0.3   0.0   0.0   0.0   0.1   0.3   0.2   0.0   0.0   0.0   0.0   0.0   0.0   0.0   0.0
 280.  *   0.2   0.3   0.1   0.0   0.0   0.0   0.3   0.2   0.0   0.0   0.0   0.0   0.0   0.0   0.0   0.0
 290.  *   0.2   0.3   0.1   0.0   0.0   0.0   0.3   0.2   0.0   0.0   0.0   0.0   0.0   0.0   0.0   0.0
 300.  *   0.2   0.3   0.1   0.0   0.0   0.0   0.3   0.2   0.0   0.0   0.0   0.0   0.0   0.0   0.0   0.0
 310.  *   0.2   0.2   0.1   0.0   0.0   0.1   0.3   0.3   0.0   0.0   0.0   0.0   0.0   0.0   0.0   0.0
 320.  *   0.1   0.2   0.0   0.0   0.0   0.1   0.3   0.2   0.0   0.0   0.0   0.0   0.0   0.0   0.0   0.0
 330.  *   0.1   0.2   0.0   0.0   0.0   0.1   0.3   0.1   0.0   0.0   0.0   0.0   0.0   0.0   0.0   0.0
 340.  *   0.0   0.1   0.0   0.0   0.0   0.0   0.3   0.1   0.0   0.0   0.0   0.0   0.0   0.0   0.0   0.0
 350.  *   0.0   0.0   0.0   0.0   0.0   0.0   0.2   0.1   0.0   0.0   0.0   0.0   0.0   0.0   0.0   0.0
 ------*------------------------------------------------------------------------------------------------
 MAX   *   0.3   0.3   0.1   0.0   0.0   0.2   0.3   0.3   0.3   0.3   0.2   0.0   0.0   0.2   0.4   0.3
 DEGR. *  210   200   210     0     0   260   210   310    30    70    40     0     0    60    30    90

 THE HIGHEST CONCENTRATION OF    0.40 PPM OCCURRED AT RECEPTOR REC15.
